<?xml version="1.0" encoding="UTF-8"?>
<!-- Generated by org.testng.reporters.JUnitReportReporter -->
<testsuite hostname="LAPTOP-VDCLDG5N" failures="0" tests="1" name="restasurred.mainpage" time="1.170" errors="0" timestamp="23 Eki 2019 22:43:06 GMT" skipped="0">
  <testcase classname="restasurred.mainpage" name="gettest" time="1.170"/>
</testsuite> <!-- restasurred.mainpage -->
